#
# There is insufficient memory for the Java Runtime Environment to continue.
# Native memory allocation (malloc) failed to allocate 1048576 bytes for AllocateHeap
# Possible reasons:
#   The system is out of physical RAM or swap space
#   The process is running with CompressedOops enabled, and the Java Heap may be blocking the growth of the native heap
# Possible solutions:
#   Reduce memory load on the system
#   Increase physical memory or swap space
#   Check if swap backing store is full
#   Decrease Java heap size (-Xmx/-Xms)
#   Decrease number of Java threads
#   Decrease Java thread stack sizes (-Xss)
#   Set larger code cache with -XX:ReservedCodeCacheSize=
#   JVM is running with Unscaled Compressed Oops mode in which the Java heap is
#     placed in the first 4GB address space. The Java Heap base address is the
#     maximum limit for the native heap growth. Please use -XX:HeapBaseMinAddress
#     to set the Java Heap base and to place the Java Heap above 4GB virtual address.
# This output file may be truncated or incomplete.
#
#  Out of Memory Error (./src/hotspot/share/memory/allocation.cpp:46), pid=23592, tid=13844
#
# JRE version: OpenJDK Runtime Environment (11.0.10) (build 11.0.10+0-b96-7249189)
# Java VM: OpenJDK 64-Bit Server VM (11.0.10+0-b96-7249189, mixed mode, tiered, compressed oops, g1 gc, windows-amd64)
# No core dump will be written. Minidumps are not enabled by default on client versions of Windows
#

---------------  S U M M A R Y ------------

Command Line: --add-opens=java.base/java.util=ALL-UNNAMED --add-opens=java.base/java.lang=ALL-UNNAMED --add-opens=java.base/java.lang.invoke=ALL-UNNAMED --add-opens=java.base/java.util=ALL-UNNAMED --add-opens=java.prefs/java.util.prefs=ALL-UNNAMED --add-opens=java.prefs/java.util.prefs=ALL-UNNAMED --add-opens=java.base/java.nio.charset=ALL-UNNAMED --add-opens=java.base/java.net=ALL-UNNAMED --add-opens=java.base/java.util.concurrent.atomic=ALL-UNNAMED -Xmx2048m -Dfile.encoding=UTF-8 -Duser.country=CA -Duser.language=en -Duser.variant org.gradle.launcher.daemon.bootstrap.GradleDaemon 7.0.2

Host: AMD Ryzen 5 5600X 6-Core Processor             , 12 cores, 15G,  Windows 10 , 64 bit Build 22000 (10.0.22000.318)
Time: Tue Nov 23 14:13:31 2021 Mountain Standard Time elapsed time: 1.567691 seconds (0d 0h 0m 1s)

---------------  T H R E A D  ---------------

Current thread (0x000002262204e000):  VMThread "VM Thread" [stack: 0x0000002758700000,0x0000002758800000] [id=13844]

Stack: [0x0000002758700000,0x0000002758800000]
[error occurred during error reporting (printing stack bounds), id 0xc0000005, EXCEPTION_ACCESS_VIOLATION (0xc0000005) at pc=0x000002260b260f2d]

Native frames: (J=compiled Java code, j=interpreted, Vv=VM code, C=native code)
V  [jvm.dll+0x5ecfaa]
V  [jvm.dll+0x722bd5]
V  [jvm.dll+0x72412d]
V  [jvm.dll+0x724745]
V  [jvm.dll+0x7246fb]
V  [jvm.dll+0x5ec348]
V  [jvm.dll+0x5ecad8]
C  [ntdll.dll+0xa82ff]
C  [ntdll.dll+0x35a0a]
C  [ntdll.dll+0xa730e]
C  0x000002260b260f2d

VM_Operation (0x0000002759efb060): CollectForMetadataAllocation, mode: safepoint, requested by thread 0x000002262412e000


---------------  P R O C E S S  ---------------

Threads class SMR info:
_java_thread_list=0x00000226241e2740, length=20, elements={
0x0000022607770800, 0x000002262288b000, 0x000002262288e800, 0x00000226228ea800,
0x00000226228eb800, 0x00000226228ee000, 0x00000226228ef800, 0x00000226228f9000,
0x00000226228fc800, 0x0000022622a54000, 0x0000022624121800, 0x00000226241e1800,
0x0000022625ac0000, 0x0000022624b31800, 0x0000022624517800, 0x0000022623b4d000,
0x00000226243f6000, 0x000002262412e000, 0x00000226253c8800, 0x00000226243fb000
}

Java Threads: ( => current thread )
  0x0000022607770800 JavaThread "main" [_thread_blocked, id=3104, stack(0x0000002758100000,0x0000002758200000)]
  0x000002262288b000 JavaThread "Reference Handler" daemon [_thread_blocked, id=20336, stack(0x0000002758800000,0x0000002758900000)]
  0x000002262288e800 JavaThread "Finalizer" daemon [_thread_blocked, id=13032, stack(0x0000002758900000,0x0000002758a00000)]
  0x00000226228ea800 JavaThread "Signal Dispatcher" daemon [_thread_blocked, id=26072, stack(0x0000002758a00000,0x0000002758b00000)]
  0x00000226228eb800 JavaThread "Attach Listener" daemon [_thread_blocked, id=28644, stack(0x0000002758b00000,0x0000002758c00000)]
  0x00000226228ee000 JavaThread "Service Thread" daemon [_thread_blocked, id=19752, stack(0x0000002758c00000,0x0000002758d00000)]
  0x00000226228ef800 JavaThread "C2 CompilerThread0" daemon [_thread_blocked, id=12220, stack(0x0000002758d00000,0x0000002758e00000)]
  0x00000226228f9000 JavaThread "C1 CompilerThread0" daemon [_thread_blocked, id=22604, stack(0x0000002758e00000,0x0000002758f00000)]
  0x00000226228fc800 JavaThread "Sweeper thread" daemon [_thread_blocked, id=1016, stack(0x0000002758f00000,0x0000002759000000)]
  0x0000022622a54000 JavaThread "Common-Cleaner" daemon [_thread_blocked, id=18940, stack(0x0000002759000000,0x0000002759100000)]
  0x0000022624121800 JavaThread "Daemon health stats" [_thread_blocked, id=28544, stack(0x0000002759800000,0x0000002759900000)]
  0x00000226241e1800 JavaThread "Incoming local TCP Connector on port 7045" [_thread_in_native, id=24080, stack(0x0000002759200000,0x0000002759300000)]
  0x0000022625ac0000 JavaThread "Daemon periodic checks" [_thread_blocked, id=4460, stack(0x0000002759900000,0x0000002759a00000)]
  0x0000022624b31800 JavaThread "Daemon" [_thread_blocked, id=28588, stack(0x0000002759a00000,0x0000002759b00000)]
  0x0000022624517800 JavaThread "Handler for socket connection from /127.0.0.1:7045 to /127.0.0.1:7046" [_thread_in_native, id=28084, stack(0x0000002759b00000,0x0000002759c00000)]
  0x0000022623b4d000 JavaThread "C2 CompilerThread1" daemon [_thread_blocked, id=27860, stack(0x0000002759c00000,0x0000002759d00000)]
  0x00000226243f6000 JavaThread "Cancel handler" [_thread_blocked, id=3648, stack(0x0000002759d00000,0x0000002759e00000)]
  0x000002262412e000 JavaThread "Daemon worker" [_thread_blocked, id=11352, stack(0x0000002759e00000,0x0000002759f00000)]
  0x00000226253c8800 JavaThread "Asynchronous log dispatcher for DefaultDaemonConnection: socket connection from /127.0.0.1:7045 to /127.0.0.1:7046" [_thread_blocked, id=19940, stack(0x0000002759f00000,0x000000275a000000)]
  0x00000226243fb000 JavaThread "Stdin handler" [_thread_blocked, id=1576, stack(0x000000275a000000,0x000000275a100000)]

Other Threads:
=>0x000002262204e000 VMThread "VM Thread" [stack: 0x0000002758700000,0x0000002758800000] [id=13844]
  0x0000022622a8b000 WatcherThread [stack: 0x0000002759100000,0x0000002759200000] [id=26916]
  0x0000022607788800 GCTaskThread "GC Thread#0" [stack: 0x0000002758200000,0x0000002758300000] [id=16652]
  0x00000226233eb000 GCTaskThread "GC Thread#1" [stack: 0x0000002759300000,0x0000002759400000] [id=27564]
  0x00000226234ec800 GCTaskThread "GC Thread#2" [stack: 0x0000002759400000,0x0000002759500000] [id=28428]
  0x000002262353b800 GCTaskThread "GC Thread#3" [stack: 0x0000002759500000,0x0000002759600000] [id=26388]
  0x0000022623467000 GCTaskThread "GC Thread#4" [stack: 0x0000002759600000,0x0000002759700000] [id=20380]
  0x0000022623467800 GCTaskThread "GC Thread#5" [stack: 0x0000002759700000,0x0000002759800000] [id=27560]
  0x00000226253cd800 GCTaskThread "GC Thread#6" [stack: 0x000000275a100000,0x000000275a200000] [id=27812]
  0x00000226253dd000 GCTaskThread "GC Thread#7" [stack: 0x000000275a200000,0x000000275a300000] [id=2132]
  0x0000022625170800 GCTaskThread "GC Thread#8" [stack: 0x000000275a300000,0x000000275a400000] [id=28656]
  0x0000022624a94000 GCTaskThread "GC Thread#9" [stack: 0x000000275a400000,0x000000275a500000] [id=28284]
  0x00000226077bb000 ConcurrentGCThread "G1 Main Marker" [stack: 0x0000002758300000,0x0000002758400000] [id=22448]
  0x00000226077bc800 ConcurrentGCThread "G1 Conc#0" [stack: 0x0000002758400000,0x0000002758500000] [id=16600]
  0x0000022623525800 ConcurrentGCThread "G1 Conc#1" [stack: 0x000000275a500000,0x000000275a600000] [id=3284]
  0x000002262401e000 ConcurrentGCThread "G1 Conc#2" [stack: 0x000000275a600000,0x000000275a700000] [id=1464]
  0x0000022621ed3000 ConcurrentGCThread "G1 Refine#0" [stack: 0x0000002758500000,0x0000002758600000] [id=2316]
  0x0000022621ed4000 ConcurrentGCThread "G1 Young RemSet Sampling" [stack: 0x0000002758600000,0x0000002758700000] [id=13968]

Threads with active compile tasks:
C2 CompilerThread1   1575 1699       4       java.lang.AbstractStringBuilder::append (77 bytes)

VM state:at safepoint (normal execution)

VM Mutex/Monitor currently owned by a thread:  ([mutex/lock_event])
[0x000002260776d540] Threads_lock - owner thread: 0x000002262204e000
[0x000002260776db70] Heap_lock - owner thread: 0x000002262412e000

Heap address: 0x0000000080000000, size: 2048 MB, Compressed Oops mode: 32-bit
Narrow klass base: 0x0000000000000000, Narrow klass shift: 3
Compressed class space size: 1073741824 Address: 0x0000000100000000

Heap:
 garbage-first heap   total 262144K, used 15402K [0x0000000080000000, 0x0000000100000000)
  region size 1024K, 9 young (9216K), 9 survivors (9216K)
 Metaspace       used 17034K, capacity 17400K, committed 17536K, reserved 1073152K
  class space    used 1967K, capacity 2099K, committed 2176K, reserved 1048576K
Heap Regions: E=young(eden), S=young(survivor), O=old, HS=humongous(starts), HC=humongous(continues), CS=collection set, F=free, A=archive, TAMS=top-at-mark-start (previous, next)
|   0|0x0000000080000000, 0x0000000080000000, 0x0000000080100000|  0%| F|  |TAMS 0x0000000080000000, 0x0000000080000000| Untracked 
|   1|0x0000000080100000, 0x0000000080100000, 0x0000000080200000|  0%| F|  |TAMS 0x0000000080100000, 0x0000000080100000| Untracked 
|   2|0x0000000080200000, 0x0000000080200000, 0x0000000080300000|  0%| F|  |TAMS 0x0000000080200000, 0x0000000080200000| Untracked 
|   3|0x0000000080300000, 0x0000000080400000, 0x0000000080400000|100%|HS|  |TAMS 0x0000000080300000, 0x0000000080400000| Complete 
|   4|0x0000000080400000, 0x0000000080500000, 0x0000000080500000|100%|HC|  |TAMS 0x0000000080400000, 0x0000000080500000| Complete 
|   5|0x0000000080500000, 0x0000000080600000, 0x0000000080600000|100%|HC|  |TAMS 0x0000000080500000, 0x0000000080600000| Complete 
|   6|0x0000000080600000, 0x0000000080700000, 0x0000000080700000|100%| O|  |TAMS 0x0000000080600000, 0x0000000080700000| Untracked 
|   7|0x0000000080700000, 0x0000000080800000, 0x0000000080800000|100%| O|  |TAMS 0x0000000080700000, 0x0000000080800000| Untracked 
|   8|0x0000000080800000, 0x0000000080900000, 0x0000000080900000|100%| O|  |TAMS 0x0000000080800000, 0x0000000080900000| Untracked 
|   9|0x0000000080900000, 0x0000000080943200, 0x0000000080a00000| 26%| O|  |TAMS 0x0000000080900000, 0x0000000080943200| Untracked 
|  10|0x0000000080a00000, 0x0000000080a00000, 0x0000000080b00000|  0%| F|  |TAMS 0x0000000080a00000, 0x0000000080a00000| Untracked 
|  11|0x0000000080b00000, 0x0000000080b00000, 0x0000000080c00000|  0%| F|  |TAMS 0x0000000080b00000, 0x0000000080b00000| Untracked 
|  12|0x0000000080c00000, 0x0000000080c00000, 0x0000000080d00000|  0%| F|  |TAMS 0x0000000080c00000, 0x0000000080c00000| Untracked 
|  13|0x0000000080d00000, 0x0000000080d00000, 0x0000000080e00000|  0%| F|  |TAMS 0x0000000080d00000, 0x0000000080d00000| Untracked 
|  14|0x0000000080e00000, 0x0000000080e00000, 0x0000000080f00000|  0%| F|  |TAMS 0x0000000080e00000, 0x0000000080e00000| Untracked 
|  15|0x0000000080f00000, 0x0000000080f00000, 0x0000000081000000|  0%| F|  |TAMS 0x0000000080f00000, 0x0000000080f00000| Untracked 
|  16|0x0000000081000000, 0x0000000081000000, 0x0000000081100000|  0%| F|  |TAMS 0x0000000081000000, 0x0000000081000000| Untracked 
|  17|0x0000000081100000, 0x0000000081100000, 0x0000000081200000|  0%| F|  |TAMS 0x0000000081100000, 0x0000000081100000| Untracked 
|  18|0x0000000081200000, 0x0000000081200000, 0x0000000081300000|  0%| F|  |TAMS 0x0000000081200000, 0x0000000081200000| Untracked 
|  19|0x0000000081300000, 0x0000000081300000, 0x0000000081400000|  0%| F|  |TAMS 0x0000000081300000, 0x0000000081300000| Untracked 
|  20|0x0000000081400000, 0x0000000081400000, 0x0000000081500000|  0%| F|  |TAMS 0x0000000081400000, 0x0000000081400000| Untracked 
|  21|0x0000000081500000, 0x0000000081500000, 0x0000000081600000|  0%| F|  |TAMS 0x0000000081500000, 0x0000000081500000| Untracked 
|  22|0x0000000081600000, 0x0000000081600000, 0x0000000081700000|  0%| F|  |TAMS 0x0000000081600000, 0x0000000081600000| Untracked 
|  23|0x0000000081700000, 0x0000000081700000, 0x0000000081800000|  0%| F|  |TAMS 0x0000000081700000, 0x0000000081700000| Untracked 
|  24|0x0000000081800000, 0x0000000081800000, 0x0000000081900000|  0%| F|  |TAMS 0x0000000081800000, 0x0000000081800000| Untracked 
|  25|0x0000000081900000, 0x0000000081900000, 0x0000000081a00000|  0%| F|  |TAMS 0x0000000081900000, 0x0000000081900000| Untracked 
|  26|0x0000000081a00000, 0x0000000081a00000, 0x0000000081b00000|  0%| F|  |TAMS 0x0000000081a00000, 0x0000000081a00000| Untracked 
|  27|0x0000000081b00000, 0x0000000081b00000, 0x0000000081c00000|  0%| F|  |TAMS 0x0000000081b00000, 0x0000000081b00000| Untracked 
|  28|0x0000000081c00000, 0x0000000081c00000, 0x0000000081d00000|  0%| F|  |TAMS 0x0000000081c00000, 0x0000000081c00000| Untracked 
|  29|0x0000000081d00000, 0x0000000081d00000, 0x0000000081e00000|  0%| F|  |TAMS 0x0000000081d00000, 0x0000000081d00000| Untracked 
|  30|0x0000000081e00000, 0x0000000081e00000, 0x0000000081f00000|  0%| F|  |TAMS 0x0000000081e00000, 0x0000000081e00000| Untracked 
|  31|0x0000000081f00000, 0x0000000081f00000, 0x0000000082000000|  0%| F|  |TAMS 0x0000000081f00000, 0x0000000081f00000| Untracked 
|  32|0x0000000082000000, 0x0000000082000000, 0x0000000082100000|  0%| F|  |TAMS 0x0000000082000000, 0x0000000082000000| Untracked 
|  33|0x0000000082100000, 0x0000000082100000, 0x0000000082200000|  0%| F|  |TAMS 0x0000000082100000, 0x0000000082100000| Untracked 
|  34|0x0000000082200000, 0x0000000082200000, 0x0000000082300000|  0%| F|  |TAMS 0x0000000082200000, 0x0000000082200000| Untracked 
|  35|0x0000000082300000, 0x0000000082300000, 0x0000000082400000|  0%| F|  |TAMS 0x0000000082300000, 0x0000000082300000| Untracked 
|  36|0x0000000082400000, 0x0000000082400000, 0x0000000082500000|  0%| F|  |TAMS 0x0000000082400000, 0x0000000082400000| Untracked 
|  37|0x0000000082500000, 0x0000000082500000, 0x0000000082600000|  0%| F|  |TAMS 0x0000000082500000, 0x0000000082500000| Untracked 
|  38|0x0000000082600000, 0x0000000082600000, 0x0000000082700000|  0%| F|  |TAMS 0x0000000082600000, 0x0000000082600000| Untracked 
|  39|0x0000000082700000, 0x0000000082700000, 0x0000000082800000|  0%| F|  |TAMS 0x0000000082700000, 0x0000000082700000| Untracked 
|  40|0x0000000082800000, 0x0000000082800000, 0x0000000082900000|  0%| F|  |TAMS 0x0000000082800000, 0x0000000082800000| Untracked 
|  41|0x0000000082900000, 0x0000000082900000, 0x0000000082a00000|  0%| F|  |TAMS 0x0000000082900000, 0x0000000082900000| Untracked 
|  42|0x0000000082a00000, 0x0000000082a00000, 0x0000000082b00000|  0%| F|  |TAMS 0x0000000082a00000, 0x0000000082a00000| Untracked 
|  43|0x0000000082b00000, 0x0000000082b00000, 0x0000000082c00000|  0%| F|  |TAMS 0x0000000082b00000, 0x0000000082b00000| Untracked 
|  44|0x0000000082c00000, 0x0000000082c00000, 0x0000000082d00000|  0%| F|  |TAMS 0x0000000082c00000, 0x0000000082c00000| Untracked 
|  45|0x0000000082d00000, 0x0000000082d00000, 0x0000000082e00000|  0%| F|  |TAMS 0x0000000082d00000, 0x0000000082d00000| Untracked 
|  46|0x0000000082e00000, 0x0000000082e00000, 0x0000000082f00000|  0%| F|  |TAMS 0x0000000082e00000, 0x0000000082e00000| Untracked 
|  47|0x0000000082f00000, 0x0000000082f00000, 0x0000000083000000|  0%| F|  |TAMS 0x0000000082f00000, 0x0000000082f00000| Untracked 
|  48|0x0000000083000000, 0x0000000083000000, 0x0000000083100000|  0%| F|  |TAMS 0x0000000083000000, 0x0000000083000000| Untracked 
|  49|0x0000000083100000, 0x0000000083100000, 0x0000000083200000|  0%| F|  |TAMS 0x0000000083100000, 0x0000000083100000| Untracked 
|  50|0x0000000083200000, 0x0000000083200000, 0x0000000083300000|  0%| F|  |TAMS 0x0000000083200000, 0x0000000083200000| Untracked 
|  51|0x0000000083300000, 0x0000000083300000, 0x0000000083400000|  0%| F|  |TAMS 0x0000000083300000, 0x0000000083300000| Untracked 
|  52|0x0000000083400000, 0x0000000083400000, 0x0000000083500000|  0%| F|  |TAMS 0x0000000083400000, 0x0000000083400000| Untracked 
|  53|0x0000000083500000, 0x0000000083500000, 0x0000000083600000|  0%| F|  |TAMS 0x0000000083500000, 0x0000000083500000| Untracked 
|  54|0x0000000083600000, 0x0000000083600000, 0x0000000083700000|  0%| F|  |TAMS 0x0000000083600000, 0x0000000083600000| Untracked 
|  55|0x0000000083700000, 0x0000000083700000, 0x0000000083800000|  0%| F|  |TAMS 0x0000000083700000, 0x0000000083700000| Untracked 
|  56|0x0000000083800000, 0x0000000083800000, 0x0000000083900000|  0%| F|  |TAMS 0x0000000083800000, 0x0000000083800000| Untracked 
|  57|0x0000000083900000, 0x0000000083900000, 0x0000000083a00000|  0%| F|  |TAMS 0x0000000083900000, 0x0000000083900000| Untracked 
|  58|0x0000000083a00000, 0x0000000083a00000, 0x0000000083b00000|  0%| F|  |TAMS 0x0000000083a00000, 0x0000000083a00000| Untracked 
|  59|0x0000000083b00000, 0x0000000083b00000, 0x0000000083c00000|  0%| F|  |TAMS 0x0000000083b00000, 0x0000000083b00000| Untracked 
|  60|0x0000000083c00000, 0x0000000083c00000, 0x0000000083d00000|  0%| F|  |TAMS 0x0000000083c00000, 0x0000000083c00000| Untracked 
|  61|0x0000000083d00000, 0x0000000083d00000, 0x0000000083e00000|  0%| F|  |TAMS 0x0000000083d00000, 0x0000000083d00000| Untracked 
|  62|0x0000000083e00000, 0x0000000083e00000, 0x0000000083f00000|  0%| F|  |TAMS 0x0000000083e00000, 0x0000000083e00000| Untracked 
|  63|0x0000000083f00000, 0x0000000083f00000, 0x0000000084000000|  0%| F|  |TAMS 0x0000000083f00000, 0x0000000083f00000| Untracked 
|  64|0x0000000084000000, 0x0000000084000000, 0x0000000084100000|  0%| F|  |TAMS 0x0000000084000000, 0x0000000084000000| Untracked 
|  65|0x0000000084100000, 0x0000000084100000, 0x0000000084200000|  0%| F|  |TAMS 0x0000000084100000, 0x0000000084100000| Untracked 
|  66|0x0000000084200000, 0x0000000084200000, 0x0000000084300000|  0%| F|  |TAMS 0x0000000084200000, 0x0000000084200000| Untracked 
|  67|0x0000000084300000, 0x0000000084300000, 0x0000000084400000|  0%| F|  |TAMS 0x0000000084300000, 0x0000000084300000| Untracked 
|  68|0x0000000084400000, 0x0000000084400000, 0x0000000084500000|  0%| F|  |TAMS 0x0000000084400000, 0x0000000084400000| Untracked 
|  69|0x0000000084500000, 0x0000000084500000, 0x0000000084600000|  0%| F|  |TAMS 0x0000000084500000, 0x0000000084500000| Untracked 
|  70|0x0000000084600000, 0x0000000084600000, 0x0000000084700000|  0%| F|  |TAMS 0x0000000084600000, 0x0000000084600000| Untracked 
|  71|0x0000000084700000, 0x0000000084700000, 0x0000000084800000|  0%| F|  |TAMS 0x0000000084700000, 0x0000000084700000| Untracked 
|  72|0x0000000084800000, 0x0000000084800000, 0x0000000084900000|  0%| F|  |TAMS 0x0000000084800000, 0x0000000084800000| Untracked 
|  73|0x0000000084900000, 0x0000000084900000, 0x0000000084a00000|  0%| F|  |TAMS 0x0000000084900000, 0x0000000084900000| Untracked 
|  74|0x0000000084a00000, 0x0000000084a00000, 0x0000000084b00000|  0%| F|  |TAMS 0x0000000084a00000, 0x0000000084a00000| Untracked 
|  75|0x0000000084b00000, 0x0000000084b00000, 0x0000000084c00000|  0%| F|  |TAMS 0x0000000084b00000, 0x0000000084b00000| Untracked 
|  76|0x0000000084c00000, 0x0000000084c00000, 0x0000000084d00000|  0%| F|  |TAMS 0x0000000084c00000, 0x0000000084c00000| Untracked 
|  77|0x0000000084d00000, 0x0000000084d00000, 0x0000000084e00000|  0%| F|  |TAMS 0x0000000084d00000, 0x0000000084d00000| Untracked 
|  78|0x0000000084e00000, 0x0000000084e00000, 0x0000000084f00000|  0%| F|  |TAMS 0x0000000084e00000, 0x0000000084e00000| Untracked 
|  79|0x0000000084f00000, 0x0000000084f00000, 0x0000000085000000|  0%| F|  |TAMS 0x0000000084f00000, 0x0000000084f00000| Untracked 
|  80|0x0000000085000000, 0x0000000085000000, 0x0000000085100000|  0%| F|  |TAMS 0x0000000085000000, 0x0000000085000000| Untracked 
|  81|0x0000000085100000, 0x0000000085100000, 0x0000000085200000|  0%| F|  |TAMS 0x0000000085100000, 0x0000000085100000| Untracked 
|  82|0x0000000085200000, 0x0000000085200000, 0x0000000085300000|  0%| F|  |TAMS 0x0000000085200000, 0x0000000085200000| Untracked 
|  83|0x0000000085300000, 0x0000000085300000, 0x0000000085400000|  0%| F|  |TAMS 0x0000000085300000, 0x0000000085300000| Untracked 
|  84|0x0000000085400000, 0x0000000085400000, 0x0000000085500000|  0%| F|  |TAMS 0x0000000085400000, 0x0000000085400000| Untracked 
|  85|0x0000000085500000, 0x0000000085500000, 0x0000000085600000|  0%| F|  |TAMS 0x0000000085500000, 0x0000000085500000| Untracked 
|  86|0x0000000085600000, 0x0000000085600000, 0x0000000085700000|  0%| F|  |TAMS 0x0000000085600000, 0x0000000085600000| Untracked 
|  87|0x0000000085700000, 0x0000000085700000, 0x0000000085800000|  0%| F|  |TAMS 0x0000000085700000, 0x0000000085700000| Untracked 
|  88|0x0000000085800000, 0x0000000085800000, 0x0000000085900000|  0%| F|  |TAMS 0x0000000085800000, 0x0000000085800000| Untracked 
|  89|0x0000000085900000, 0x0000000085900000, 0x0000000085a00000|  0%| F|  |TAMS 0x0000000085900000, 0x0000000085900000| Untracked 
|  90|0x0000000085a00000, 0x0000000085a00000, 0x0000000085b00000|  0%| F|  |TAMS 0x0000000085a00000, 0x0000000085a00000| Untracked 
|  91|0x0000000085b00000, 0x0000000085b00000, 0x0000000085c00000|  0%| F|  |TAMS 0x0000000085b00000, 0x0000000085b00000| Untracked 
|  92|0x0000000085c00000, 0x0000000085c00000, 0x0000000085d00000|  0%| F|  |TAMS 0x0000000085c00000, 0x0000000085c00000| Untracked 
|  93|0x0000000085d00000, 0x0000000085d00000, 0x0000000085e00000|  0%| F|  |TAMS 0x0000000085d00000, 0x0000000085d00000| Untracked 
|  94|0x0000000085e00000, 0x0000000085e00000, 0x0000000085f00000|  0%| F|  |TAMS 0x0000000085e00000, 0x0000000085e00000| Untracked 
|  95|0x0000000085f00000, 0x0000000085f00000, 0x0000000086000000|  0%| F|  |TAMS 0x0000000085f00000, 0x0000000085f00000| Untracked 
|  96|0x0000000086000000, 0x0000000086000000, 0x0000000086100000|  0%| F|  |TAMS 0x0000000086000000, 0x0000000086000000| Untracked 
|  97|0x0000000086100000, 0x0000000086100000, 0x0000000086200000|  0%| F|  |TAMS 0x0000000086100000, 0x0000000086100000| Untracked 
|  98|0x0000000086200000, 0x0000000086200000, 0x0000000086300000|  0%| F|  |TAMS 0x0000000086200000, 0x0000000086200000| Untracked 
|  99|0x0000000086300000, 0x0000000086300000, 0x0000000086400000|  0%| F|  |TAMS 0x0000000086300000, 0x0000000086300000| Untracked 
| 100|0x0000000086400000, 0x0000000086400000, 0x0000000086500000|  0%| F|  |TAMS 0x0000000086400000, 0x0000000086400000| Untracked 
| 101|0x0000000086500000, 0x0000000086500000, 0x0000000086600000|  0%| F|  |TAMS 0x0000000086500000, 0x0000000086500000| Untracked 
| 102|0x0000000086600000, 0x0000000086600000, 0x0000000086700000|  0%| F|  |TAMS 0x0000000086600000, 0x0000000086600000| Untracked 
| 103|0x0000000086700000, 0x0000000086700000, 0x0000000086800000|  0%| F|  |TAMS 0x0000000086700000, 0x0000000086700000| Untracked 
| 104|0x0000000086800000, 0x0000000086800000, 0x0000000086900000|  0%| F|  |TAMS 0x0000000086800000, 0x0000000086800000| Untracked 
| 105|0x0000000086900000, 0x0000000086900000, 0x0000000086a00000|  0%| F|  |TAMS 0x0000000086900000, 0x0000000086900000| Untracked 
| 106|0x0000000086a00000, 0x0000000086a00000, 0x0000000086b00000|  0%| F|  |TAMS 0x0000000086a00000, 0x0000000086a00000| Untracked 
| 107|0x0000000086b00000, 0x0000000086b00000, 0x0000000086c00000|  0%| F|  |TAMS 0x0000000086b00000, 0x0000000086b00000| Untracked 
| 108|0x0000000086c00000, 0x0000000086c00000, 0x0000000086d00000|  0%| F|  |TAMS 0x0000000086c00000, 0x0000000086c00000| Untracked 
| 109|0x0000000086d00000, 0x0000000086d00000, 0x0000000086e00000|  0%| F|  |TAMS 0x0000000086d00000, 0x0000000086d00000| Untracked 
| 110|0x0000000086e00000, 0x0000000086e00000, 0x0000000086f00000|  0%| F|  |TAMS 0x0000000086e00000, 0x0000000086e00000| Untracked 
| 111|0x0000000086f00000, 0x0000000086f00000, 0x0000000087000000|  0%| F|  |TAMS 0x0000000086f00000, 0x0000000086f00000| Untracked 
| 112|0x0000000087000000, 0x0000000087000000, 0x0000000087100000|  0%| F|  |TAMS 0x0000000087000000, 0x0000000087000000| Untracked 
| 113|0x0000000087100000, 0x0000000087100000, 0x0000000087200000|  0%| F|  |TAMS 0x0000000087100000, 0x0000000087100000| Untracked 
| 114|0x0000000087200000, 0x0000000087200000, 0x0000000087300000|  0%| F|  |TAMS 0x0000000087200000, 0x0000000087200000| Untracked 
| 115|0x0000000087300000, 0x0000000087300000, 0x0000000087400000|  0%| F|  |TAMS 0x0000000087300000, 0x0000000087300000| Untracked 
| 116|0x0000000087400000, 0x0000000087400000, 0x0000000087500000|  0%| F|  |TAMS 0x0000000087400000, 0x0000000087400000| Untracked 
| 117|0x0000000087500000, 0x0000000087500000, 0x0000000087600000|  0%| F|  |TAMS 0x0000000087500000, 0x0000000087500000| Untracked 
| 118|0x0000000087600000, 0x0000000087600000, 0x0000000087700000|  0%| F|  |TAMS 0x0000000087600000, 0x0000000087600000| Untracked 
| 119|0x0000000087700000, 0x0000000087700000, 0x0000000087800000|  0%| F|  |TAMS 0x0000000087700000, 0x0000000087700000| Untracked 
| 120|0x0000000087800000, 0x0000000087800000, 0x0000000087900000|  0%| F|  |TAMS 0x0000000087800000, 0x0000000087800000| Untracked 
| 121|0x0000000087900000, 0x0000000087900000, 0x0000000087a00000|  0%| F|  |TAMS 0x0000000087900000, 0x0000000087900000| Untracked 
| 122|0x0000000087a00000, 0x0000000087a00000, 0x0000000087b00000|  0%| F|  |TAMS 0x0000000087a00000, 0x0000000087a00000| Untracked 
| 123|0x0000000087b00000, 0x0000000087b00000, 0x0000000087c00000|  0%| F|  |TAMS 0x0000000087b00000, 0x0000000087b00000| Untracked 
| 124|0x0000000087c00000, 0x0000000087c00000, 0x0000000087d00000|  0%| F|  |TAMS 0x0000000087c00000, 0x0000000087c00000| Untracked 
| 125|0x0000000087d00000, 0x0000000087d00000, 0x0000000087e00000|  0%| F|  |TAMS 0x0000000087d00000, 0x0000000087d00000| Untracked 
| 126|0x0000000087e00000, 0x0000000087e00000, 0x0000000087f00000|  0%| F|  |TAMS 0x0000000087e00000, 0x0000000087e00000| Untracked 
| 127|0x0000000087f00000, 0x0000000087f00000, 0x0000000088000000|  0%| F|  |TAMS 0x0000000087f00000, 0x0000000087f00000| Untracked 
| 128|0x0000000088000000, 0x0000000088000000, 0x0000000088100000|  0%| F|  |TAMS 0x0000000088000000, 0x0000000088000000| Untracked 
| 129|0x0000000088100000, 0x0000000088100000, 0x0000000088200000|  0%| F|  |TAMS 0x0000000088100000, 0x0000000088100000| Untracked 
| 130|0x0000000088200000, 0x0000000088200000, 0x0000000088300000|  0%| F|  |TAMS 0x0000000088200000, 0x0000000088200000| Untracked 
| 131|0x0000000088300000, 0x0000000088300000, 0x0000000088400000|  0%| F|  |TAMS 0x0000000088300000, 0x0000000088300000| Untracked 
| 132|0x0000000088400000, 0x0000000088400000, 0x0000000088500000|  0%| F|  |TAMS 0x0000000088400000, 0x0000000088400000| Untracked 
| 133|0x0000000088500000, 0x0000000088500000, 0x0000000088600000|  0%| F|  |TAMS 0x0000000088500000, 0x0000000088500000| Untracked 
| 134|0x0000000088600000, 0x0000000088600000, 0x0000000088700000|  0%| F|  |TAMS 0x0000000088600000, 0x0000000088600000| Untracked 
| 135|0x0000000088700000, 0x0000000088700000, 0x0000000088800000|  0%| F|  |TAMS 0x0000000088700000, 0x0000000088700000| Untracked 
| 136|0x0000000088800000, 0x0000000088800000, 0x0000000088900000|  0%| F|  |TAMS 0x0000000088800000, 0x0000000088800000| Untracked 
| 137|0x0000000088900000, 0x0000000088900000, 0x0000000088a00000|  0%| F|  |TAMS 0x0000000088900000, 0x0000000088900000| Untracked 
| 138|0x0000000088a00000, 0x0000000088a00000, 0x0000000088b00000|  0%| F|  |TAMS 0x0000000088a00000, 0x0000000088a00000| Untracked 
| 139|0x0000000088b00000, 0x0000000088b00000, 0x0000000088c00000|  0%| F|  |TAMS 0x0000000088b00000, 0x0000000088b00000| Untracked 
| 140|0x0000000088c00000, 0x0000000088c00000, 0x0000000088d00000|  0%| F|  |TAMS 0x0000000088c00000, 0x0000000088c00000| Untracked 
| 141|0x0000000088d00000, 0x0000000088d00000, 0x0000000088e00000|  0%| F|  |TAMS 0x0000000088d00000, 0x0000000088d00000| Untracked 
| 142|0x0000000088e00000, 0x0000000088e00000, 0x0000000088f00000|  0%| F|  |TAMS 0x0000000088e00000, 0x0000000088e00000| Untracked 
| 143|0x0000000088f00000, 0x0000000088f00000, 0x0000000089000000|  0%| F|  |TAMS 0x0000000088f00000, 0x0000000088f00000| Untracked 
| 144|0x0000000089000000, 0x0000000089000000, 0x0000000089100000|  0%| F|  |TAMS 0x0000000089000000, 0x0000000089000000| Untracked 
| 145|0x0000000089100000, 0x0000000089100000, 0x0000000089200000|  0%| F|  |TAMS 0x0000000089100000, 0x0000000089100000| Untracked 
| 146|0x0000000089200000, 0x0000000089200000, 0x0000000089300000|  0%| F|  |TAMS 0x0000000089200000, 0x0000000089200000| Untracked 
| 147|0x0000000089300000, 0x0000000089300000, 0x0000000089400000|  0%| F|  |TAMS 0x0000000089300000, 0x0000000089300000| Untracked 
| 148|0x0000000089400000, 0x0000000089400000, 0x0000000089500000|  0%| F|  |TAMS 0x0000000089400000, 0x0000000089400000| Untracked 
| 149|0x0000000089500000, 0x0000000089500000, 0x0000000089600000|  0%| F|  |TAMS 0x0000000089500000, 0x0000000089500000| Untracked 
| 150|0x0000000089600000, 0x0000000089600000, 0x0000000089700000|  0%| F|  |TAMS 0x0000000089600000, 0x0000000089600000| Untracked 
| 151|0x0000000089700000, 0x0000000089700000, 0x0000000089800000|  0%| F|  |TAMS 0x0000000089700000, 0x0000000089700000| Untracked 
| 152|0x0000000089800000, 0x0000000089800000, 0x0000000089900000|  0%| F|  |TAMS 0x0000000089800000, 0x0000000089800000| Untracked 
| 153|0x0000000089900000, 0x0000000089900000, 0x0000000089a00000|  0%| F|  |TAMS 0x0000000089900000, 0x0000000089900000| Untracked 
| 154|0x0000000089a00000, 0x0000000089a00000, 0x0000000089b00000|  0%| F|  |TAMS 0x0000000089a00000, 0x0000000089a00000| Untracked 
| 155|0x0000000089b00000, 0x0000000089b00000, 0x0000000089c00000|  0%| F|  |TAMS 0x0000000089b00000, 0x0000000089b00000| Untracked 
| 156|0x0000000089c00000, 0x0000000089c00000, 0x0000000089d00000|  0%| F|  |TAMS 0x0000000089c00000, 0x0000000089c00000| Untracked 
| 157|0x0000000089d00000, 0x0000000089d00000, 0x0000000089e00000|  0%| F|  |TAMS 0x0000000089d00000, 0x0000000089d00000| Untracked 
| 158|0x0000000089e00000, 0x0000000089e00000, 0x0000000089f00000|  0%| F|  |TAMS 0x0000000089e00000, 0x0000000089e00000| Untracked 
| 159|0x0000000089f00000, 0x0000000089f00000, 0x000000008a000000|  0%| F|  |TAMS 0x0000000089f00000, 0x0000000089f00000| Untracked 
| 160|0x000000008a000000, 0x000000008a000000, 0x000000008a100000|  0%| F|  |TAMS 0x000000008a000000, 0x000000008a000000| Untracked 
| 161|0x000000008a100000, 0x000000008a100000, 0x000000008a200000|  0%| F|  |TAMS 0x000000008a100000, 0x000000008a100000| Untracked 
| 162|0x000000008a200000, 0x000000008a200000, 0x000000008a300000|  0%| F|  |TAMS 0x000000008a200000, 0x000000008a200000| Untracked 
| 163|0x000000008a300000, 0x000000008a300000, 0x000000008a400000|  0%| F|  |TAMS 0x000000008a300000, 0x000000008a300000| Untracked 
| 164|0x000000008a400000, 0x000000008a400000, 0x000000008a500000|  0%| F|  |TAMS 0x000000008a400000, 0x000000008a400000| Untracked 
| 165|0x000000008a500000, 0x000000008a500000, 0x000000008a600000|  0%| F|  |TAMS 0x000000008a500000, 0x000000008a500000| Untracked 
| 166|0x000000008a600000, 0x000000008a600000, 0x000000008a700000|  0%| F|  |TAMS 0x000000008a600000, 0x000000008a600000| Untracked 
| 167|0x000000008a700000, 0x000000008a700000, 0x000000008a800000|  0%| F|  |TAMS 0x000000008a700000, 0x000000008a700000| Untracked 
| 168|0x000000008a800000, 0x000000008a800000, 0x000000008a900000|  0%| F|  |TAMS 0x000000008a800000, 0x000000008a800000| Untracked 
| 169|0x000000008a900000, 0x000000008a900000, 0x000000008aa00000|  0%| F|  |TAMS 0x000000008a900000, 0x000000008a900000| Untracked 
| 170|0x000000008aa00000, 0x000000008aa00000, 0x000000008ab00000|  0%| F|  |TAMS 0x000000008aa00000, 0x000000008aa00000| Untracked 
| 171|0x000000008ab00000, 0x000000008ab00000, 0x000000008ac00000|  0%| F|  |TAMS 0x000000008ab00000, 0x000000008ab00000| Untracked 
| 172|0x000000008ac00000, 0x000000008ac00000, 0x000000008ad00000|  0%| F|  |TAMS 0x000000008ac00000, 0x000000008ac00000| Untracked 
| 173|0x000000008ad00000, 0x000000008ad00000, 0x000000008ae00000|  0%| F|  |TAMS 0x000000008ad00000, 0x000000008ad00000| Untracked 
| 174|0x000000008ae00000, 0x000000008ae00000, 0x000000008af00000|  0%| F|  |TAMS 0x000000008ae00000, 0x000000008ae00000| Untracked 
| 175|0x000000008af00000, 0x000000008af00000, 0x000000008b000000|  0%| F|  |TAMS 0x000000008af00000, 0x000000008af00000| Untracked 
| 176|0x000000008b000000, 0x000000008b000000, 0x000000008b100000|  0%| F|  |TAMS 0x000000008b000000, 0x000000008b000000| Untracked 
| 177|0x000000008b100000, 0x000000008b100000, 0x000000008b200000|  0%| F|  |TAMS 0x000000008b100000, 0x000000008b100000| Untracked 
| 178|0x000000008b200000, 0x000000008b200000, 0x000000008b300000|  0%| F|  |TAMS 0x000000008b200000, 0x000000008b200000| Untracked 
| 179|0x000000008b300000, 0x000000008b300000, 0x000000008b400000|  0%| F|  |TAMS 0x000000008b300000, 0x000000008b300000| Untracked 
| 180|0x000000008b400000, 0x000000008b4c7768, 0x000000008b500000| 77%| S|CS|TAMS 0x000000008b400000, 0x000000008b400000| Complete 
| 181|0x000000008b500000, 0x000000008b600000, 0x000000008b600000|100%| S|CS|TAMS 0x000000008b500000, 0x000000008b500000| Complete 
| 182|0x000000008b600000, 0x000000008b700000, 0x000000008b700000|100%| S|CS|TAMS 0x000000008b600000, 0x000000008b600000| Complete 
| 183|0x000000008b700000, 0x000000008b800000, 0x000000008b800000|100%| S|CS|TAMS 0x000000008b700000, 0x000000008b700000| Complete 
| 184|0x000000008b800000, 0x000000008b900000, 0x000000008b900000|100%| S|CS|TAMS 0x000000008b800000, 0x000000008b800000| Complete 
| 185|0x000000008b900000, 0x000000008ba00000, 0x000000008ba00000|100%| S|CS|TAMS 0x000000008b900000, 0x000000008b900000| Complete 
| 186|0x000000008ba00000, 0x000000008bb00000, 0x000000008bb00000|100%| S|CS|TAMS 0x000000008ba00000, 0x000000008ba00000| Complete 
| 187|0x000000008bb00000, 0x000000008bc00000, 0x000000008bc00000|100%| S|CS|TAMS 0x000000008bb00000, 0x000000008bb00000| Complete 
| 188|0x000000008bc00000, 0x000000008bd00000, 0x000000008bd00000|100%| S|CS|TAMS 0x000000008bc00000, 0x000000008bc00000| Complete 
| 189|0x000000008bd00000, 0x000000008bd00000, 0x000000008be00000|  0%| F|  |TAMS 0x000000008bd00000, 0x000000008bd00000| Untracked 
| 190|0x000000008be00000, 0x000000008be00000, 0x000000008bf00000|  0%| F|  |TAMS 0x000000008be00000, 0x000000008be00000| Untracked 
| 191|0x000000008bf00000, 0x000000008bf00000, 0x000000008c000000|  0%| F|  |TAMS 0x000000008bf00000, 0x000000008bf00000| Untracked 
| 192|0x000000008c000000, 0x000000008c000000, 0x000000008c100000|  0%| F|  |TAMS 0x000000008c000000, 0x000000008c000000| Untracked 
| 193|0x000000008c100000, 0x000000008c100000, 0x000000008c200000|  0%| F|  |TAMS 0x000000008c100000, 0x000000008c100000| Untracked 
| 194|0x000000008c200000, 0x000000008c200000, 0x000000008c300000|  0%| F|  |TAMS 0x000000008c200000, 0x000000008c200000| Untracked 
| 195|0x000000008c300000, 0x000000008c300000, 0x000000008c400000|  0%| F|  |TAMS 0x000000008c300000, 0x000000008c300000| Untracked 
| 196|0x000000008c400000, 0x000000008c400000, 0x000000008c500000|  0%| F|  |TAMS 0x000000008c400000, 0x000000008c400000| Untracked 
| 197|0x000000008c500000, 0x000000008c500000, 0x000000008c600000|  0%| F|  |TAMS 0x000000008c500000, 0x000000008c500000| Untracked 
| 198|0x000000008c600000, 0x000000008c600000, 0x000000008c700000|  0%| F|  |TAMS 0x000000008c600000, 0x000000008c600000| Untracked 
| 199|0x000000008c700000, 0x000000008c700000, 0x000000008c800000|  0%| F|  |TAMS 0x000000008c700000, 0x000000008c700000| Untracked 
| 200|0x000000008c800000, 0x000000008c800000, 0x000000008c900000|  0%| F|  |TAMS 0x000000008c800000, 0x000000008c800000| Untracked 
| 201|0x000000008c900000, 0x000000008c900000, 0x000000008ca00000|  0%| F|  |TAMS 0x000000008c900000, 0x000000008c900000| Untracked 
| 202|0x000000008ca00000, 0x000000008ca00000, 0x000000008cb00000|  0%| F|  |TAMS 0x000000008ca00000, 0x000000008ca00000| Untracked 
| 203|0x000000008cb00000, 0x000000008cb00000, 0x000000008cc00000|  0%| F|  |TAMS 0x000000008cb00000, 0x000000008cb00000| Untracked 
| 204|0x000000008cc00000, 0x000000008cc00000, 0x000000008cd00000|  0%| F|  |TAMS 0x000000008cc00000, 0x000000008cc00000| Untracked 
| 205|0x000000008cd00000, 0x000000008cd00000, 0x000000008ce00000|  0%| F|  |TAMS 0x000000008cd00000, 0x000000008cd00000| Untracked 
| 206|0x000000008ce00000, 0x000000008ce00000, 0x000000008cf00000|  0%| F|  |TAMS 0x000000008ce00000, 0x000000008ce00000| Untracked 
| 207|0x000000008cf00000, 0x000000008cf00000, 0x000000008d000000|  0%| F|  |TAMS 0x000000008cf00000, 0x000000008cf00000| Untracked 
| 208|0x000000008d000000, 0x000000008d000000, 0x000000008d100000|  0%| F|  |TAMS 0x000000008d000000, 0x000000008d000000| Untracked 
| 209|0x000000008d100000, 0x000000008d100000, 0x000000008d200000|  0%| F|  |TAMS 0x000000008d100000, 0x000000008d100000| Untracked 
| 210|0x000000008d200000, 0x000000008d200000, 0x000000008d300000|  0%| F|  |TAMS 0x000000008d200000, 0x000000008d200000| Untracked 
| 211|0x000000008d300000, 0x000000008d300000, 0x000000008d400000|  0%| F|  |TAMS 0x000000008d300000, 0x000000008d300000| Untracked 
| 212|0x000000008d400000, 0x000000008d400000, 0x000000008d500000|  0%| F|  |TAMS 0x000000008d400000, 0x000000008d400000| Untracked 
| 213|0x000000008d500000, 0x000000008d500000, 0x000000008d600000|  0%| F|  |TAMS 0x000000008d500000, 0x000000008d500000| Untracked 
| 214|0x000000008d600000, 0x000000008d600000, 0x000000008d700000|  0%| F|  |TAMS 0x000000008d600000, 0x000000008d600000| Untracked 
| 215|0x000000008d700000, 0x000000008d700000, 0x000000008d800000|  0%| F|  |TAMS 0x000000008d700000, 0x000000008d700000| Untracked 
| 216|0x000000008d800000, 0x000000008d800000, 0x000000008d900000|  0%| F|  |TAMS 0x000000008d800000, 0x000000008d800000| Untracked 
| 217|0x000000008d900000, 0x000000008d900000, 0x000000008da00000|  0%| F|  |TAMS 0x000000008d900000, 0x000000008d900000| Untracked 
| 218|0x000000008da00000, 0x000000008da00000, 0x000000008db00000|  0%| F|  |TAMS 0x000000008da00000, 0x000000008da00000| Untracked 
| 219|0x000000008db00000, 0x000000008db00000, 0x000000008dc00000|  0%| F|  |TAMS 0x000000008db00000, 0x000000008db00000| Untracked 
| 220|0x000000008dc00000, 0x000000008dc00000, 0x000000008dd00000|  0%| F|  |TAMS 0x000000008dc00000, 0x000000008dc00000| Untracked 
| 221|0x000000008dd00000, 0x000000008dd00000, 0x000000008de00000|  0%| F|  |TAMS 0x000000008dd00000, 0x000000008dd00000| Untracked 
| 222|0x000000008de00000, 0x000000008de00000, 0x000000008df00000|  0%| F|  |TAMS 0x000000008de00000, 0x000000008de00000| Untracked 
| 223|0x000000008df00000, 0x000000008df00000, 0x000000008e000000|  0%| F|  |TAMS 0x000000008df00000, 0x000000008df00000| Untracked 
| 224|0x000000008e000000, 0x000000008e000000, 0x000000008e100000|  0%| F|  |TAMS 0x000000008e000000, 0x000000008e000000| Untracked 
| 225|0x000000008e100000, 0x000000008e100000, 0x000000008e200000|  0%| F|  |TAMS 0x000000008e100000, 0x000000008e100000| Untracked 
| 226|0x000000008e200000, 0x000000008e200000, 0x000000008e300000|  0%| F|  |TAMS 0x000000008e200000, 0x000000008e200000| Untracked 
| 227|0x000000008e300000, 0x000000008e300000, 0x000000008e400000|  0%| F|  |TAMS 0x000000008e300000, 0x000000008e300000| Untracked 
| 228|0x000000008e400000, 0x000000008e400000, 0x000000008e500000|  0%| F|  |TAMS 0x000000008e400000, 0x000000008e400000| Untracked 
| 229|0x000000008e500000, 0x000000008e500000, 0x000000008e600000|  0%| F|  |TAMS 0x000000008e500000, 0x000000008e500000| Untracked 
| 230|0x000000008e600000, 0x000000008e600000, 0x000000008e700000|  0%| F|  |TAMS 0x000000008e600000, 0x000000008e600000| Untracked 
| 231|0x000000008e700000, 0x000000008e700000, 0x000000008e800000|  0%| F|  |TAMS 0x000000008e700000, 0x000000008e700000| Untracked 
| 232|0x000000008e800000, 0x000000008e800000, 0x000000008e900000|  0%| F|  |TAMS 0x000000008e800000, 0x000000008e800000| Untracked 
| 233|0x000000008e900000, 0x000000008e900000, 0x000000008ea00000|  0%| F|  |TAMS 0x000000008e900000, 0x000000008e900000| Untracked 
| 234|0x000000008ea00000, 0x000000008ea00000, 0x000000008eb00000|  0%| F|  |TAMS 0x000000008ea00000, 0x000000008ea00000| Untracked 
| 235|0x000000008eb00000, 0x000000008eb00000, 0x000000008ec00000|  0%| F|  |TAMS 0x000000008eb00000, 0x000000008eb00000| Untracked 
| 236|0x000000008ec00000, 0x000000008ec00000, 0x000000008ed00000|  0%| F|  |TAMS 0x000000008ec00000, 0x000000008ec00000| Untracked 
| 237|0x000000008ed00000, 0x000000008ed00000, 0x000000008ee00000|  0%| F|  |TAMS 0x000000008ed00000, 0x000000008ed00000| Untracked 
| 238|0x000000008ee00000, 0x000000008ee00000, 0x000000008ef00000|  0%| F|  |TAMS 0x000000008ee00000, 0x000000008ee00000| Untracked 
| 239|0x000000008ef00000, 0x000000008ef00000, 0x000000008f000000|  0%| F|  |TAMS 0x000000008ef00000, 0x000000008ef00000| Untracked 
| 240|0x000000008f000000, 0x000000008f000000, 0x000000008f100000|  0%| F|  |TAMS 0x000000008f000000, 0x000000008f000000| Untracked 
| 241|0x000000008f100000, 0x000000008f100000, 0x000000008f200000|  0%| F|  |TAMS 0x000000008f100000, 0x000000008f100000| Untracked 
| 242|0x000000008f200000, 0x000000008f200000, 0x000000008f300000|  0%| F|  |TAMS 0x000000008f200000, 0x000000008f200000| Untracked 
| 243|0x000000008f300000, 0x000000008f300000, 0x000000008f400000|  0%| F|  |TAMS 0x000000008f300000, 0x000000008f300000| Untracked 
| 244|0x000000008f400000, 0x000000008f400000, 0x000000008f500000|  0%| F|  |TAMS 0x000000008f400000, 0x000000008f400000| Untracked 
| 245|0x000000008f500000, 0x000000008f500000, 0x000000008f600000|  0%| F|  |TAMS 0x000000008f500000, 0x000000008f500000| Untracked 
| 246|0x000000008f600000, 0x000000008f600000, 0x000000008f700000|  0%| F|  |TAMS 0x000000008f600000, 0x000000008f600000| Untracked 
| 247|0x000000008f700000, 0x000000008f700000, 0x000000008f800000|  0%| F|  |TAMS 0x000000008f700000, 0x000000008f700000| Untracked 
| 248|0x000000008f800000, 0x000000008f800000, 0x000000008f900000|  0%| F|  |TAMS 0x000000008f800000, 0x000000008f800000| Untracked 
| 249|0x000000008f900000, 0x000000008f900000, 0x000000008fa00000|  0%| F|  |TAMS 0x000000008f900000, 0x000000008f900000| Untracked 
| 250|0x000000008fa00000, 0x000000008fa00000, 0x000000008fb00000|  0%| F|  |TAMS 0x000000008fa00000, 0x000000008fa00000| Untracked 
| 251|0x000000008fb00000, 0x000000008fb00000, 0x000000008fc00000|  0%| F|  |TAMS 0x000000008fb00000, 0x000000008fb00000| Untracked 
| 252|0x000000008fc00000, 0x000000008fc00000, 0x000000008fd00000|  0%| F|  |TAMS 0x000000008fc00000, 0x000000008fc00000| Untracked 
| 253|0x000000008fd00000, 0x000000008fd00000, 0x000000008fe00000|  0%| F|  |TAMS 0x000000008fd00000, 0x000000008fd00000| Untracked 
| 254|0x000000008fe00000, 0x000000008fe00000, 0x000000008ff00000|  0%| F|  |TAMS 0x000000008fe00000, 0x000000008fe00000| Untracked 
| 255|0x000000008ff00000, 0x000000008ff00000, 0x0000000090000000|  0%| F|  |TAMS 0x000000008ff00000, 0x000000008ff00000| Untracked 

Card table byte_map: [0x000002261abb0000,0x000002261afb0000] _byte_map_base: 0x000002261a7b0000

Marking Bits (Prev, Next): (CMBitMap*) 0x00000226077b26c8, (CMBitMap*) 0x00000226077b2700
 Prev Bits: [0x000002261b3b0000, 0x000002261d3b0000)
 Next Bits: [0x000002261d3b0000, 0x000002261f3b0000)

Polling page: 0x0000022605490000

Metaspace:

Usage:
  Non-class:     14.94 MB capacity,    14.71 MB ( 98%) used,   202.65 KB (  1%) free+waste,    30.81 KB ( <1%) overhead. 
      Class:      2.05 MB capacity,     1.92 MB ( 94%) used,   116.76 KB (  6%) free+waste,    15.06 KB ( <1%) overhead. 
       Both:     16.99 MB capacity,    16.64 MB ( 98%) used,   319.41 KB (  2%) free+waste,    45.88 KB ( <1%) overhead. 

Virtual space:
  Non-class space:       24.00 MB reserved,      15.00 MB ( 63%) committed 
      Class space:        1.00 GB reserved,       2.13 MB ( <1%) committed 
             Both:        1.02 GB reserved,      17.13 MB (  2%) committed 

Chunk freelists:
   Non-Class:  59.00 KB
       Class:  13.00 KB
        Both:  72.00 KB

MaxMetaspaceSize: 17179869184.00 GB
CompressedClassSpaceSize: 1.00 GB

CodeHeap 'non-profiled nmethods': size=120000Kb used=801Kb max_used=801Kb free=119198Kb
 bounds [0x0000022612d30000, 0x0000022612fa0000, 0x000002261a260000]
CodeHeap 'profiled nmethods': size=120000Kb used=3487Kb max_used=3487Kb free=116512Kb
 bounds [0x000002260b800000, 0x000002260bb70000, 0x0000022612d30000]
CodeHeap 'non-nmethods': size=5760Kb used=1126Kb max_used=1163Kb free=4633Kb
 bounds [0x000002260b260000, 0x000002260b4d0000, 0x000002260b800000]
 total_blobs=2168 nmethods=1708 adapters=372
 compilation: enabled
              stopped_count=0, restarted_count=0
 full_count=0

Compilation events (20 events):
Event: 1.222 Thread 0x00000226228f9000 nmethod 1706 0x0000022612df6590 code [0x0000022612df6740, 0x0000022612df67d8]
Event: 1.222 Thread 0x00000226228f9000 1707       1       org.gradle.internal.logging.events.RenderableOutputEvent::getBuildOperationId (5 bytes)
Event: 1.222 Thread 0x00000226228ef800 nmethod 1701 0x0000022612df6890 code [0x0000022612df6a20, 0x0000022612df6ab8]
Event: 1.222 Thread 0x00000226228f9000 nmethod 1707 0x0000022612df6b90 code [0x0000022612df6d40, 0x0000022612df6df8]
Event: 1.222 Thread 0x00000226228f9000 1708       1       org.gradle.internal.logging.events.CategorisedOutputEvent::getTimestamp (5 bytes)
Event: 1.222 Thread 0x00000226228f9000 nmethod 1708 0x0000022612df6e90 code [0x0000022612df7040, 0x0000022612df70f8]
Event: 1.222 Thread 0x00000226228f9000 1709       1       java.util.GregorianCalendar::getCalendarType (3 bytes)
Event: 1.222 Thread 0x00000226228f9000 nmethod 1709 0x0000022612df7190 code [0x0000022612df7340, 0x0000022612df73f8]
Event: 1.222 Thread 0x00000226228f9000 1710       1       java.text.FieldPosition::setBeginIndex (6 bytes)
Event: 1.222 Thread 0x00000226228f9000 nmethod 1710 0x0000022612df7490 code [0x0000022612df7640, 0x0000022612df76f8]
Event: 1.222 Thread 0x00000226228f9000 1711       1       java.text.FieldPosition::setEndIndex (6 bytes)
Event: 1.222 Thread 0x00000226228f9000 nmethod 1711 0x0000022612df7790 code [0x0000022612df7940, 0x0000022612df79f8]
Event: 1.222 Thread 0x00000226228f9000 1712       1       java.text.DecimalFormatSymbols::getGroupingSeparator (5 bytes)
Event: 1.222 Thread 0x00000226228f9000 nmethod 1712 0x0000022612df7a90 code [0x0000022612df7c40, 0x0000022612df7cf8]
Event: 1.222 Thread 0x00000226228f9000 1713       1       java.text.DecimalFormatSymbols::getDecimalSeparator (5 bytes)
Event: 1.222 Thread 0x00000226228f9000 nmethod 1713 0x0000022612df7d90 code [0x0000022612df7f40, 0x0000022612df7ff8]
Event: 1.222 Thread 0x00000226228f9000 1714       1       org.gradle.internal.logging.events.CategorisedOutputEvent::getCategory (5 bytes)
Event: 1.222 Thread 0x00000226228f9000 nmethod 1714 0x0000022612df8090 code [0x0000022612df8240, 0x0000022612df82f8]
Event: 1.222 Thread 0x00000226228f9000 1715       1       org.gradle.internal.logging.sink.OutputEventListenerManager::access$100 (5 bytes)
Event: 1.222 Thread 0x00000226228f9000 nmethod 1715 0x0000022612df8390 code [0x0000022612df8540, 0x0000022612df85d8]

GC Heap History (4 events):
Event: 0.343 GC heap before
{Heap before GC invocations=0 (full 0):
 garbage-first heap   total 262144K, used 29696K [0x0000000080000000, 0x0000000100000000)
  region size 1024K, 24 young (24576K), 0 survivors (0K)
 Metaspace       used 10174K, capacity 10363K, committed 10624K, reserved 1058816K
  class space    used 1065K, capacity 1141K, committed 1152K, reserved 1048576K
}
Event: 0.345 GC heap after
{Heap after GC invocations=1 (full 0):
 garbage-first heap   total 262144K, used 9484K [0x0000000080000000, 0x0000000100000000)
  region size 1024K, 3 young (3072K), 3 survivors (3072K)
 Metaspace       used 10174K, capacity 10363K, committed 10624K, reserved 1058816K
  class space    used 1065K, capacity 1141K, committed 1152K, reserved 1048576K
}
Event: 1.223 GC heap before
{Heap before GC invocations=1 (full 0):
 garbage-first heap   total 262144K, used 73996K [0x0000000080000000, 0x0000000100000000)
  region size 1024K, 67 young (68608K), 3 survivors (3072K)
 Metaspace       used 17034K, capacity 17400K, committed 17536K, reserved 1071104K
  class space    used 1967K, capacity 2099K, committed 2176K, reserved 1048576K
}
Event: 1.227 GC heap after
{Heap after GC invocations=2 (full 0):
 garbage-first heap   total 262144K, used 15402K [0x0000000080000000, 0x0000000100000000)
  region size 1024K, 9 young (9216K), 9 survivors (9216K)
 Metaspace       used 17034K, capacity 17400K, committed 17536K, reserved 1071104K
  class space    used 1967K, capacity 2099K, committed 2176K, reserved 1048576K
}

Deoptimization events (20 events):
Event: 1.153 Thread 0x00000226241e1800 Uncommon trap: trap_request=0xffffffc6 fr.pc=0x0000022612d9daa4 relative=0x0000000000000084
Event: 1.153 Thread 0x00000226241e1800 Uncommon trap: reason=bimorphic_or_optimized_type_check action=maybe_recompile pc=0x0000022612d9daa4 method=java.util.AbstractList$Itr.hasNext()Z @ 8 c2
Event: 1.153 Thread 0x00000226241e1800 DEOPT PACKING pc=0x0000022612d9daa4 sp=0x00000027592fe220
Event: 1.153 Thread 0x00000226241e1800 DEOPT UNPACKING pc=0x000002260b2878af sp=0x00000027592fe1b8 mode 2
Event: 1.153 Thread 0x00000226241e1800 Uncommon trap: trap_request=0xffffffc6 fr.pc=0x0000022612d9fcf4 relative=0x0000000000000134
Event: 1.153 Thread 0x00000226241e1800 Uncommon trap: reason=bimorphic_or_optimized_type_check action=maybe_recompile pc=0x0000022612d9fcf4 method=java.util.AbstractList$Itr.next()Ljava/lang/Object; @ 14 c2
Event: 1.153 Thread 0x00000226241e1800 DEOPT PACKING pc=0x0000022612d9fcf4 sp=0x00000027592fe210
Event: 1.153 Thread 0x00000226241e1800 DEOPT UNPACKING pc=0x000002260b2878af sp=0x00000027592fe1a8 mode 2
Event: 1.167 Thread 0x0000022624517800 Uncommon trap: trap_request=0xffffff4d fr.pc=0x0000022612dc5164 relative=0x00000000000012a4
Event: 1.167 Thread 0x0000022624517800 Uncommon trap: reason=unstable_if action=reinterpret pc=0x0000022612dc5164 method=java.util.concurrent.ConcurrentHashMap.putVal(Ljava/lang/Object;Ljava/lang/Object;Z)Ljava/lang/Object; @ 231 c2
Event: 1.167 Thread 0x0000022624517800 DEOPT PACKING pc=0x0000022612dc5164 sp=0x0000002759bfe730
Event: 1.167 Thread 0x0000022624517800 DEOPT UNPACKING pc=0x000002260b2878af sp=0x0000002759bfe6a0 mode 2
Event: 1.199 Thread 0x000002262412e000 Uncommon trap: trap_request=0xffffffc6 fr.pc=0x0000022612d61fec relative=0x00000000000009cc
Event: 1.199 Thread 0x000002262412e000 Uncommon trap: reason=bimorphic_or_optimized_type_check action=maybe_recompile pc=0x0000022612d61fec method=java.util.HashMap.putVal(ILjava/lang/Object;Ljava/lang/Object;ZZ)Ljava/lang/Object; @ 253 c2
Event: 1.199 Thread 0x000002262412e000 DEOPT PACKING pc=0x0000022612d61fec sp=0x0000002759efebf0
Event: 1.199 Thread 0x000002262412e000 DEOPT UNPACKING pc=0x000002260b2878af sp=0x0000002759efeb80 mode 2
Event: 1.199 Thread 0x000002262412e000 Uncommon trap: trap_request=0xffffffc6 fr.pc=0x0000022612d61fec relative=0x00000000000009cc
Event: 1.199 Thread 0x000002262412e000 Uncommon trap: reason=bimorphic_or_optimized_type_check action=maybe_recompile pc=0x0000022612d61fec method=java.util.HashMap.putVal(ILjava/lang/Object;Ljava/lang/Object;ZZ)Ljava/lang/Object; @ 253 c2
Event: 1.199 Thread 0x000002262412e000 DEOPT PACKING pc=0x0000022612d61fec sp=0x0000002759efece0
Event: 1.199 Thread 0x000002262412e000 DEOPT UNPACKING pc=0x000002260b2878af sp=0x0000002759efec70 mode 2

Classes redefined (0 events):
No events

Internal exceptions (20 events):
Event: 0.257 Thread 0x0000022607770800 Exception <a 'java/lang/NoSuchMethodError'{0x000000008ee4b298}: 'java.lang.Object java.lang.invoke.DirectMethodHandle$Holder.invokeVirtual(java.lang.Object, java.lang.Object, java.lang.Object, java.lang.Object, java.lang.Object, java.lang.Object, java.lang.Object)'> (0x000000008ee4b298) thrown at [./src/hotspot/share/interpreter/linkResolver.cpp, line 773]
Event: 0.259 Thread 0x0000022607770800 Exception <a 'java/lang/NoSuchMethodError'{0x000000008ee5aba8}: 'java.lang.Object java.lang.invoke.Invokers$Holder.invoker(java.lang.Object, java.lang.Object, java.lang.Object)'> (0x000000008ee5aba8) thrown at [./src/hotspot/share/interpreter/linkResolver.cpp, line 773]
Event: 0.261 Thread 0x0000022607770800 Exception <a 'java/lang/NoSuchMethodError'{0x000000008ee6bc20}: 'void java.lang.invoke.DelegatingMethodHandle$Holder.delegate(java.lang.Object, java.lang.Object, int, java.lang.Object)'> (0x000000008ee6bc20) thrown at [./src/hotspot/share/interpreter/linkResolver.cpp, line 773]
Event: 0.460 Thread 0x0000022607770800 Exception <a 'java/security/PrivilegedActionException'{0x000000008da50350}> (0x000000008da50350) thrown at [./src/hotspot/share/prims/jvm.cpp, line 1306]
Event: 0.460 Thread 0x0000022607770800 Exception <a 'java/security/PrivilegedActionException'{0x000000008da508c8}> (0x000000008da508c8) thrown at [./src/hotspot/share/prims/jvm.cpp, line 1306]
Event: 0.678 Thread 0x0000022607770800 Exception <a 'java/lang/NoSuchMethodError'{0x000000008c933d80}: 'java.lang.Object java.lang.invoke.DirectMethodHandle$Holder.invokeStaticInit(java.lang.Object, java.lang.Object, java.lang.Object)'> (0x000000008c933d80) thrown at [./src/hotspot/share/interpreter/linkResolver.cpp, line 773]
Event: 0.782 Thread 0x0000022607770800 Exception <a 'java/lang/NoSuchMethodError'{0x000000008c4c40b8}: 'java.lang.Object java.lang.invoke.DirectMethodHandle$Holder.invokeStaticInit(java.lang.Object, int, int, int, int)'> (0x000000008c4c40b8) thrown at [./src/hotspot/share/interpreter/linkResolver.cpp, line 773]
Event: 0.898 Thread 0x0000022607770800 Exception <a 'java/lang/NoSuchMethodError'{0x000000008c353398}: 'java.lang.Object java.lang.invoke.DirectMethodHandle$Holder.invokeStaticInit(java.lang.Object, java.lang.Object, int, int, int, int)'> (0x000000008c353398) thrown at [./src/hotspot/share/interpreter/linkResolver.cpp, line 773]
Event: 1.098 Thread 0x0000022607770800 Exception <a 'java/io/IOException'{0x000000008c2e8130}> (0x000000008c2e8130) thrown at [./src/hotspot/share/prims/jni.cpp, line 615]
Event: 1.167 Thread 0x0000022624517800 Exception <a 'java/lang/NoSuchMethodError'{0x000000008bf203e0}: <clinit>> (0x000000008bf203e0) thrown at [./src/hotspot/share/prims/jni.cpp, line 1362]
Event: 1.168 Thread 0x0000022624517800 Exception <a 'java/lang/NoSuchMethodError'{0x000000008bf2bcb0}: <clinit>> (0x000000008bf2bcb0) thrown at [./src/hotspot/share/prims/jni.cpp, line 1362]
Event: 1.169 Thread 0x0000022624517800 Exception <a 'java/lang/NoSuchMethodError'{0x000000008bf41e90}: <clinit>> (0x000000008bf41e90) thrown at [./src/hotspot/share/prims/jni.cpp, line 1362]
Event: 1.171 Thread 0x0000022624517800 Exception <a 'java/lang/NoSuchMethodError'{0x000000008bf53c70}: <clinit>> (0x000000008bf53c70) thrown at [./src/hotspot/share/prims/jni.cpp, line 1362]
Event: 1.173 Thread 0x0000022624517800 Exception <a 'java/lang/NoSuchMethodError'{0x000000008bf7a818}: <clinit>> (0x000000008bf7a818) thrown at [./src/hotspot/share/prims/jni.cpp, line 1362]
Event: 1.174 Thread 0x0000022624517800 Exception <a 'java/lang/NoSuchMethodError'{0x000000008bf92670}: <clinit>> (0x000000008bf92670) thrown at [./src/hotspot/share/prims/jni.cpp, line 1362]
Event: 1.175 Thread 0x0000022624517800 Exception <a 'java/lang/NoSuchMethodError'{0x000000008bf9c000}: <clinit>> (0x000000008bf9c000) thrown at [./src/hotspot/share/prims/jni.cpp, line 1362]
Event: 1.176 Thread 0x0000022624517800 Exception <a 'java/lang/NoSuchMethodError'{0x000000008bfb1798}: <clinit>> (0x000000008bfb1798) thrown at [./src/hotspot/share/prims/jni.cpp, line 1362]
Event: 1.182 Thread 0x0000022624517800 Exception <a 'java/lang/NoSuchMethodError'{0x000000008be16380}: <clinit>> (0x000000008be16380) thrown at [./src/hotspot/share/prims/jni.cpp, line 1362]
Event: 1.184 Thread 0x0000022624517800 Exception <a 'java/lang/NoSuchMethodError'{0x000000008be45fd8}: <clinit>> (0x000000008be45fd8) thrown at [./src/hotspot/share/prims/jni.cpp, line 1362]
Event: 1.187 Thread 0x0000022624517800 Exception <a 'java/lang/NoSuchMethodError'{0x000000008be6ec48}: <clinit>> (0x000000008be6ec48) thrown at [./src/hotspot/share/prims/jni.cpp, line 1362]

Events (20 events):
Event: 1.203 loading class java/io/PipedOutputStream
Event: 1.221 loading class java/io/PipedOutputStream done
Event: 1.221 loading class java/io/PipedInputStream
Event: 1.221 loading class java/io/PipedInputStream done
Event: 1.221 loading class org/gradle/launcher/daemon/server/exec/ForwardClientInput$1
Event: 1.221 loading class org/gradle/launcher/daemon/server/exec/ForwardClientInput$1 done
Event: 1.222 Thread 0x00000226243fb000 Thread added: 0x00000226243fb000
Event: 1.222 loading class org/gradle/util/StdinSwapper
Event: 1.222 loading class org/gradle/util/StdinSwapper done
Event: 1.222 loading class org/gradle/util/Swapper
Event: 1.222 loading class org/gradle/util/Swapper done
Event: 1.222 loading class org/gradle/util/StdinSwapper$1
Event: 1.222 loading class org/gradle/util/StdinSwapper$1 done
Event: 1.222 loading class org/gradle/util/StdinSwapper$2
Event: 1.222 loading class org/gradle/util/StdinSwapper$2 done
Event: 1.222 loading class org/gradle/launcher/daemon/server/exec/ForwardClientInput$2
Event: 1.222 loading class org/gradle/launcher/daemon/server/exec/ForwardClientInput$2 done
Event: 1.222 loading class org/gradle/internal/deprecation/DeprecationLogger
Event: 1.222 loading class org/gradle/internal/deprecation/DeprecationLogger done
Event: 1.223 Executing VM operation: CollectForMetadataAllocation


Dynamic libraries:
0x00007ff6ed420000 - 0x00007ff6ed42a000 	E:\Android\AndroidStudio\jre\bin\java.exe
0x00007ffb18400000 - 0x00007ffb18607000 	C:\WINDOWS\SYSTEM32\ntdll.dll
0x00007ffb17f00000 - 0x00007ffb17fbd000 	C:\WINDOWS\System32\KERNEL32.DLL
0x00007ffb15b10000 - 0x00007ffb15e84000 	C:\WINDOWS\System32\KERNELBASE.dll
0x00007ffb160f0000 - 0x00007ffb16201000 	C:\WINDOWS\System32\ucrtbase.dll
0x00007ffae6620000 - 0x00007ffae6639000 	E:\Android\AndroidStudio\jre\bin\jli.dll
0x00007ffae64e0000 - 0x00007ffae64f7000 	E:\Android\AndroidStudio\jre\bin\VCRUNTIME140.dll
0x00007ffb16400000 - 0x00007ffb165ac000 	C:\WINDOWS\System32\USER32.dll
0x00007ffb15e90000 - 0x00007ffb15eb6000 	C:\WINDOWS\System32\win32u.dll
0x00007ffb05d00000 - 0x00007ffb05fa5000 	C:\WINDOWS\WinSxS\amd64_microsoft.windows.common-controls_6595b64144ccf1df_6.0.22000.120_none_9d947278b86cc467\COMCTL32.dll
0x00007ffb16ac0000 - 0x00007ffb16ae9000 	C:\WINDOWS\System32\GDI32.dll
0x00007ffb15980000 - 0x00007ffb15a92000 	C:\WINDOWS\System32\gdi32full.dll
0x00007ffb177a0000 - 0x00007ffb17843000 	C:\WINDOWS\System32\msvcrt.dll
0x00007ffb158e0000 - 0x00007ffb1597d000 	C:\WINDOWS\System32\msvcp_win.dll
0x00007ffb17940000 - 0x00007ffb17971000 	C:\WINDOWS\System32\IMM32.DLL
0x00007ffa8fdd0000 - 0x00007ffa8fe6d000 	E:\Android\AndroidStudio\jre\bin\msvcp140.dll
0x00007ffa64570000 - 0x00007ffa6503f000 	E:\Android\AndroidStudio\jre\bin\server\jvm.dll
0x00007ffb16af0000 - 0x00007ffb16b9c000 	C:\WINDOWS\System32\ADVAPI32.dll
0x00007ffb17380000 - 0x00007ffb1741d000 	C:\WINDOWS\System32\sechost.dll
0x00007ffb17c30000 - 0x00007ffb17d51000 	C:\WINDOWS\System32\RPCRT4.dll
0x00007ffb181c0000 - 0x00007ffb181c8000 	C:\WINDOWS\System32\PSAPI.DLL
0x00007ffb125a0000 - 0x00007ffb125a9000 	C:\WINDOWS\SYSTEM32\WSOCK32.dll
0x00007ffb0d2b0000 - 0x00007ffb0d2ba000 	C:\WINDOWS\SYSTEM32\VERSION.dll
0x00007ffb109f0000 - 0x00007ffb10a23000 	C:\WINDOWS\SYSTEM32\WINMM.dll
0x00007ffb16290000 - 0x00007ffb162ff000 	C:\WINDOWS\System32\WS2_32.dll
0x00007ffb14a70000 - 0x00007ffb14a88000 	C:\WINDOWS\SYSTEM32\kernel.appcore.dll
0x00007ffae6f60000 - 0x00007ffae6f71000 	E:\Android\AndroidStudio\jre\bin\verify.dll
0x00007ffb06190000 - 0x00007ffb063b1000 	C:\WINDOWS\SYSTEM32\DBGHELP.DLL
0x00007ffafae90000 - 0x00007ffafaec1000 	C:\WINDOWS\SYSTEM32\dbgcore.DLL
0x00007ffb16210000 - 0x00007ffb16290000 	C:\WINDOWS\System32\bcryptPrimitives.dll
0x00007ffae6440000 - 0x00007ffae6469000 	E:\Android\AndroidStudio\jre\bin\java.dll
0x00007ffb11b50000 - 0x00007ffb11b5b000 	E:\Android\AndroidStudio\jre\bin\jimage.dll
0x00007ffae66d0000 - 0x00007ffae66e8000 	E:\Android\AndroidStudio\jre\bin\zip.dll
0x00007ffb16bd0000 - 0x00007ffb1737a000 	C:\WINDOWS\System32\SHELL32.dll
0x00007ffb13a80000 - 0x00007ffb142e2000 	C:\WINDOWS\SYSTEM32\windows.storage.dll
0x00007ffb17420000 - 0x00007ffb17798000 	C:\WINDOWS\System32\combase.dll
0x00007ffb13910000 - 0x00007ffb13a76000 	C:\WINDOWS\SYSTEM32\wintypes.dll
0x00007ffb17850000 - 0x00007ffb1793a000 	C:\WINDOWS\System32\SHCORE.dll
0x00007ffb18240000 - 0x00007ffb1829d000 	C:\WINDOWS\System32\shlwapi.dll
0x00007ffb15810000 - 0x00007ffb15831000 	C:\WINDOWS\SYSTEM32\profapi.dll
0x00007ffae6420000 - 0x00007ffae643a000 	E:\Android\AndroidStudio\jre\bin\net.dll
0x00007ffb10600000 - 0x00007ffb1070c000 	C:\WINDOWS\SYSTEM32\WINHTTP.dll
0x00007ffb14f00000 - 0x00007ffb14f67000 	C:\WINDOWS\system32\mswsock.dll
0x00007ffae6400000 - 0x00007ffae6414000 	E:\Android\AndroidStudio\jre\bin\nio.dll
0x00007ffb07fe0000 - 0x00007ffb08007000 	E:\Android\AndroidStudio\native\8bec1ad78214c89d9ad589b4d07fe93259594b29d510b10fafb7a158f7737e5d\windows-amd64\native-platform.dll
0x00007ffaef940000 - 0x00007ffaefa7d000 	E:\Android\AndroidStudio\native\53dbd7edfb1c66fb8903c78663c9afc45aea4f116125fa6feffd364cf09443e8\windows-amd64\native-platform-file-events.dll
0x00007ffb11410000 - 0x00007ffb1141a000 	E:\Android\AndroidStudio\jre\bin\management.dll
0x00007ffb026b0000 - 0x00007ffb026bc000 	E:\Android\AndroidStudio\jre\bin\management_ext.dll
0x00007ffb15140000 - 0x00007ffb15158000 	C:\WINDOWS\SYSTEM32\CRYPTSP.dll
0x00007ffb149d0000 - 0x00007ffb14a05000 	C:\WINDOWS\system32\rsaenh.dll
0x00007ffb14ff0000 - 0x00007ffb15019000 	C:\WINDOWS\SYSTEM32\USERENV.dll
0x00007ffb152c0000 - 0x00007ffb152e7000 	C:\WINDOWS\SYSTEM32\bcrypt.dll
0x00007ffb15160000 - 0x00007ffb1516c000 	C:\WINDOWS\SYSTEM32\CRYPTBASE.dll
0x00007ffb14540000 - 0x00007ffb1456d000 	C:\WINDOWS\SYSTEM32\IPHLPAPI.DLL
0x00007ffb16ab0000 - 0x00007ffb16ab9000 	C:\WINDOWS\System32\NSI.dll
0x00007ffb10800000 - 0x00007ffb10819000 	C:\WINDOWS\SYSTEM32\dhcpcsvc6.DLL
0x00007ffb10b30000 - 0x00007ffb10b4e000 	C:\WINDOWS\SYSTEM32\dhcpcsvc.DLL
0x00007ffb14570000 - 0x00007ffb14657000 	C:\WINDOWS\SYSTEM32\DNSAPI.dll

dbghelp: loaded successfully - version: 4.0.5 - missing functions: none
symbol engine: initialized successfully - sym options: 0x614 - pdb path: .;E:\Android\AndroidStudio\jre\bin;C:\WINDOWS\SYSTEM32;C:\WINDOWS\WinSxS\amd64_microsoft.windows.common-controls_6595b64144ccf1df_6.0.22000.120_none_9d947278b86cc467;E:\Android\AndroidStudio\jre\bin\server;E:\Android\AndroidStudio\native\8bec1ad78214c89d9ad589b4d07fe93259594b29d510b10fafb7a158f7737e5d\windows-amd64;E:\Android\AndroidStudio\native\53dbd7edfb1c66fb8903c78663c9afc45aea4f116125fa6feffd364cf09443e8\windows-amd64

VM Arguments:
jvm_args: --add-opens=java.base/java.util=ALL-UNNAMED --add-opens=java.base/java.lang=ALL-UNNAMED --add-opens=java.base/java.lang.invoke=ALL-UNNAMED --add-opens=java.base/java.util=ALL-UNNAMED --add-opens=java.prefs/java.util.prefs=ALL-UNNAMED --add-opens=java.prefs/java.util.prefs=ALL-UNNAMED --add-opens=java.base/java.nio.charset=ALL-UNNAMED --add-opens=java.base/java.net=ALL-UNNAMED --add-opens=java.base/java.util.concurrent.atomic=ALL-UNNAMED -Xmx2048m -Dfile.encoding=UTF-8 -Duser.country=CA -Duser.language=en -Duser.variant 
java_command: org.gradle.launcher.daemon.bootstrap.GradleDaemon 7.0.2
java_class_path (initial): E:\Android\AndroidStudio\wrapper\dists\gradle-7.0.2-bin\857tjihv64xamwrf0h14cai3r\gradle-7.0.2\lib\gradle-launcher-7.0.2.jar
Launcher Type: SUN_STANDARD

[Global flags]
     intx CICompilerCount                          = 4                                         {product} {ergonomic}
     uint ConcGCThreads                            = 3                                         {product} {ergonomic}
     uint G1ConcRefinementThreads                  = 10                                        {product} {ergonomic}
   size_t G1HeapRegionSize                         = 1048576                                   {product} {ergonomic}
    uintx GCDrainStackTargetSize                   = 64                                        {product} {ergonomic}
   size_t InitialHeapSize                          = 268435456                                 {product} {ergonomic}
   size_t MarkStackSize                            = 4194304                                   {product} {ergonomic}
   size_t MaxHeapSize                              = 2147483648                                {product} {command line}
   size_t MaxNewSize                               = 1287651328                                {product} {ergonomic}
   size_t MinHeapDeltaBytes                        = 1048576                                   {product} {ergonomic}
    uintx NonNMethodCodeHeapSize                   = 5836300                                {pd product} {ergonomic}
    uintx NonProfiledCodeHeapSize                  = 122910970                              {pd product} {ergonomic}
    uintx ProfiledCodeHeapSize                     = 122910970                              {pd product} {ergonomic}
    uintx ReservedCodeCacheSize                    = 251658240                              {pd product} {ergonomic}
     bool SegmentedCodeCache                       = true                                      {product} {ergonomic}
     bool UseCompressedClassPointers               = true                                 {lp64_product} {ergonomic}
     bool UseCompressedOops                        = true                                 {lp64_product} {ergonomic}
     bool UseG1GC                                  = true                                      {product} {ergonomic}
     bool UseLargePagesIndividualAllocation        = false                                  {pd product} {ergonomic}

Logging:
Log output configuration:
 #0: stdout all=warning uptime,level,tags
 #1: stderr all=off uptime,level,tags

Environment Variables:
PATH=C:\Program Files (x86)\Common Files\Oracle\Java\javapath;C:\WINDOWS\system32;C:\WINDOWS;C:\WINDOWS\System32\Wbem;C:\WINDOWS\System32\WindowsPowerShell\v1.0\;C:\WINDOWS\System32\OpenSSH\;C:\Program Files (x86)\NVIDIA Corporation\PhysX\Common;C:\Program Files\NVIDIA Corporation\NVIDIA NvDLISR;C:\Program Files\Git\cmd;C:\Program Files\dotnet\;C:\Program Files (x86)\dotnet\;C:\Users\64412\AppData\Local\Microsoft\WindowsApps;C:\Users\64412\AppData\Local\Programs\Microsoft VS Code\bin;E:\Program Files (x86)\JetBrains\PyCharm 2021.2.3\bin;;C:\Users\64412\AppData\Local\GitHubDesktop\bin
USERNAME=64412
OS=Windows_NT
PROCESSOR_IDENTIFIER=AMD64 Family 25 Model 33 Stepping 0, AuthenticAMD



---------------  S Y S T E M  ---------------

OS: Windows 10 , 64 bit Build 22000 (10.0.22000.318)
OS uptime: 1 days 0:21 hours

CPU:total 12 (initial active 12) (12 cores per cpu, 2 threads per core) family 25 model 33 stepping 0 microcode 0x0, cmov, cx8, fxsr, mmx, sse, sse2, sse3, ssse3, sse4.1, sse4.2, popcnt, avx, avx2, aes, clmul, erms, mmxext, 3dnowpref, lzcnt, sse4a, ht, tsc, tscinvbit, tscinv, bmi1, bmi2,

Memory: 4k page, system-wide physical 16309M (389M free)
TotalPageFile size 32486M (AvailPageFile size 0M)
current process WorkingSet (physical memory assigned to process): 188M, peak: 188M
current process commit charge ("private bytes"): 402M, peak: 403M

vm_info: OpenJDK 64-Bit Server VM (11.0.10+0-b96-7249189) for windows-amd64 JRE (11.0.10+0-b96-7249189), built on Mar 31 2021 21:44:00 by "builder" with MS VC++ 14.0 (VS2015)

END.
